<?xml version="1.0" encoding="UTF-8"?>
<!-- Generated by org.testng.reporters.JUnitReportReporter -->
<testsuite hostname="DESKTOP-TPJQTB3" failures="0" tests="1" name="org.Test.DataProv_Excel" time="0.000" errors="0" timestamp="2022-03-20T02:47:27 IST" skipped="1">
  <testcase classname="org.Test.DataProv_Excel" name="DataProvSampleTest" time="0.000">
    <skipped/>
  </testcase> <!-- DataProvSampleTest -->
  <system-out/>
</testsuite> <!-- org.Test.DataProv_Excel -->
