<?xml version="1.0" encoding="UTF-8"?>
<!-- Generated by org.testng.reporters.JUnitReportReporter -->
<testsuite skipped="0" hostname="Subrata7" name="org.Test.ReadJSONDataTest" tests="1" failures="0" timestamp="2022-05-10T10:56:33 IST" time="15.232" errors="0">
  <testcase name="VerifyJSONData" time="15.232" classname="org.Test.ReadJSONDataTest"/>
  <system-out/>
</testsuite> <!-- org.Test.ReadJSONDataTest -->
