<?xml version="1.0" encoding="UTF-8"?>
<!-- Generated by org.testng.reporters.JUnitReportReporter -->
<testsuite skipped="0" hostname="Subrata7" name="org.Test.GridTest" tests="1" failures="0" timestamp="2022-05-11T01:00:01 IST" time="18.061" errors="0">
  <testcase name="VerifyRegistration" time="18.061" classname="org.Test.GridTest"/>
  <system-out/>
</testsuite> <!-- org.Test.GridTest -->
