<?xml version="1.0" encoding="UTF-8"?>
<!-- Generated by org.testng.reporters.JUnitReportReporter -->
<testsuite skipped="0" hostname="Subrata7" name="org.commonlib.PDFReader" tests="1" failures="0" timestamp="2022-05-11T01:58:59 IST" time="1.290" errors="0">
  <testcase name="readPDF" time="1.290" classname="org.commonlib.PDFReader"/>
  <system-out/>
</testsuite> <!-- org.commonlib.PDFReader -->
