<?xml version="1.0" encoding="UTF-8"?>
<!-- Generated by org.testng.reporters.JUnitReportReporter -->
<testsuite skipped="0" hostname="Subrata7" name="org.Test.GridEdge" tests="1" failures="0" timestamp="2022-05-11T00:53:57 IST" time="19.573" errors="0">
  <testcase name="VerifyRegistration" time="19.573" classname="org.Test.GridEdge"/>
  <system-out/>
</testsuite> <!-- org.Test.GridEdge -->
