<?xml version="1.0" encoding="UTF-8"?>
<!-- Generated by org.testng.reporters.JUnitReportReporter -->
<testsuite skipped="0" hostname="Subrata7" name="org.Test.GridEdgeTest" tests="1" failures="0" timestamp="2022-05-11T01:28:47 IST" time="21.928" errors="0">
  <testcase name="VerifyRegistration" time="21.928" classname="org.Test.GridEdgeTest"/>
  <system-out/>
</testsuite> <!-- org.Test.GridEdgeTest -->
