<?xml version="1.0" encoding="UTF-8"?>
<!-- Generated by org.testng.reporters.JUnitReportReporter -->
<testsuite skipped="0" hostname="Subrata7" name="org.Test.ExcelUtilTest" tests="1" failures="0" timestamp="2022-05-12T01:18:12 IST" time="13.683" errors="0">
  <testcase name="VeifyRegistrationPage" time="13.683" classname="org.Test.ExcelUtilTest"/>
  <system-out/>
</testsuite> <!-- org.Test.ExcelUtilTest -->
