<?xml version="1.0" encoding="UTF-8"?>
<!-- Generated by org.testng.reporters.JUnitReportReporter -->
<testsuite skipped="0" hostname="Subrata7" name="org.Test.StringFormatTest" tests="1" failures="0" timestamp="2022-05-10T12:49:16 IST" time="14.136" errors="0">
  <testcase name="VerifyRegistrationusingStringFormat" time="14.136" classname="org.Test.StringFormatTest"/>
  <system-out/>
</testsuite> <!-- org.Test.StringFormatTest -->
