<?xml version="1.0" encoding="UTF-8"?>
<!-- Generated by org.testng.reporters.JUnitReportReporter -->
<testsuite skipped="0" hostname="Subrata7" name="org.Test.GridFireFox" tests="1" failures="0" timestamp="2022-05-11T00:28:19 IST" time="22.271" errors="0">
  <testcase name="VerifyRegistration" time="22.271" classname="org.Test.GridFireFox"/>
  <system-out/>
</testsuite> <!-- org.Test.GridFireFox -->
