<?xml version="1.0" encoding="UTF-8"?>
<!-- Generated by org.testng.reporters.JUnitReportReporter -->
<testsuite skipped="0" hostname="Subrata7" name="org.Test.SignOnTest" tests="1" failures="0" timestamp="2022-05-16T15:44:17 IST" time="12.338" errors="0">
  <testcase name="VerifySignOn" time="12.338" classname="org.Test.SignOnTest"/>
  <system-out/>
</testsuite> <!-- org.Test.SignOnTest -->
