<?xml version="1.0" encoding="UTF-8"?>
<!-- Generated by org.testng.reporters.JUnitReportReporter -->
<testsuite hostname="DESKTOP-TPJQTB3" failures="0" tests="1" name="org.Test.RegistrationTest" time="11.774" errors="0" timestamp="2022-03-14T00:26:03 IST" skipped="0">
  <testcase classname="org.Test.RegistrationTest" name="VerifyRegistration" time="11.774"/>
  <system-out/>
</testsuite> <!-- org.Test.RegistrationTest -->
